2016-04-17 14:00:27 Error: [PDOException] SQLSTATE[HY000] [1045] Access denied for user 'my_app'@'localhost' (using password: YES)
Stack Trace:
#0 C:\wamp\www\auxilio_transporte\vendor\cakephp\cakephp\src\Database\Driver\PDODriverTrait.php(48): PDO->__construct('mysql:host=loca...', 'my_app', 'secret', Array)
#1 C:\wamp\www\auxilio_transporte\vendor\cakephp\cakephp\src\Database\Driver\Mysql.php(90): Cake\Database\Driver\Mysql->_connect('mysql:host=loca...', Array)
#2 C:\wamp\www\auxilio_transporte\vendor\cakephp\cakephp\src\Database\Schema\BaseSchema.php(45): Cake\Database\Driver\Mysql->connect()
#3 C:\wamp\www\auxilio_transporte\vendor\cakephp\cakephp\src\Database\Dialect\MysqlDialectTrait.php(63): Cake\Database\Schema\BaseSchema->__construct(Object(Cake\Database\Driver\Mysql))
#4 C:\wamp\www\auxilio_transporte\vendor\cakephp\cakephp\src\Database\Schema\Collection.php(52): Cake\Database\Driver\Mysql->schemaDialect()
#5 C:\wamp\www\auxilio_transporte\vendor\cakephp\cakephp\src\Database\Schema\CachedCollection.php(43): Cake\Database\Schema\Collection->__construct(Object(Cake\Database\Connection))
#6 C:\wamp\www\auxilio_transporte\vendor\cakephp\cakephp\src\Database\Connection.php(317): Cake\Database\Schema\CachedCollection->__construct(Object(Cake\Database\Connection), true)
#7 C:\wamp\www\auxilio_transporte\vendor\cakephp\bake\src\Shell\Task\ModelTask.php(921): Cake\Database\Connection->schemaCollection()
#8 C:\wamp\www\auxilio_transporte\vendor\cakephp\bake\src\Shell\Task\ModelTask.php(876): Bake\Shell\Task\ModelTask->_getAllTables()
#9 C:\wamp\www\auxilio_transporte\vendor\cakephp\bake\src\Shell\Task\ModelTask.php(198): Bake\Shell\Task\ModelTask->listAll()
#10 C:\wamp\www\auxilio_transporte\vendor\cakephp\bake\src\Shell\Task\ModelTask.php(124): Bake\Shell\Task\ModelTask->getAssociations(Object(Cake\ORM\Table))
#11 C:\wamp\www\auxilio_transporte\vendor\cakephp\bake\src\Shell\Task\ModelTask.php(109): Bake\Shell\Task\ModelTask->getTableContext(Object(Cake\ORM\Table), 'users', 'Users')
#12 C:\wamp\www\auxilio_transporte\vendor\cakephp\bake\src\Shell\Task\ModelTask.php(96): Bake\Shell\Task\ModelTask->bake('Users')
#13 C:\wamp\www\auxilio_transporte\vendor\cakephp\bake\src\Shell\BakeShell.php(250): Bake\Shell\Task\ModelTask->main('Users')
#14 C:\wamp\www\auxilio_transporte\vendor\cakephp\cakephp\src\Collection\CollectionTrait.php(51): Bake\Shell\BakeShell->Bake\Shell\{closure}('users', 0)
#15 C:\wamp\www\auxilio_transporte\vendor\cakephp\bake\src\Shell\BakeShell.php(253): Cake\Collection\Collection->each(Object(Closure))
#16 [internal function]: Bake\Shell\BakeShell->all('users')
#17 C:\wamp\www\auxilio_transporte\vendor\cakephp\cakephp\src\Console\Shell.php(444): call_user_func_array(Array, Array)
#18 C:\wamp\www\auxilio_transporte\vendor\cakephp\cakephp\src\Console\ShellDispatcher.php(217): Cake\Console\Shell->runCommand(Array, true, Array)
#19 C:\wamp\www\auxilio_transporte\vendor\cakephp\cakephp\src\Console\ShellDispatcher.php(181): Cake\Console\ShellDispatcher->_dispatch(Array)
#20 C:\wamp\www\auxilio_transporte\vendor\cakephp\cakephp\src\Console\ShellDispatcher.php(127): Cake\Console\ShellDispatcher->dispatch(Array)
#21 C:\wamp\www\auxilio_transporte\bin\cake.php(33): Cake\Console\ShellDispatcher::run(Array)
#22 {main}


2016-04-17 14:00:28 Error: [PDOException] SQLSTATE[HY000] [1045] Access denied for user 'my_app'@'localhost' (using password: YES)
Stack Trace:
#0 C:\wamp\www\auxilio_transporte\vendor\cakephp\cakephp\src\Database\Driver\PDODriverTrait.php(48): PDO->__construct('mysql:host=loca...', 'my_app', 'secret', Array)
#1 C:\wamp\www\auxilio_transporte\vendor\cakephp\cakephp\src\Database\Driver\Mysql.php(90): Cake\Database\Driver\Mysql->_connect('mysql:host=loca...', Array)
#2 C:\wamp\www\auxilio_transporte\vendor\cakephp\cakephp\src\Database\Schema\BaseSchema.php(45): Cake\Database\Driver\Mysql->connect()
#3 C:\wamp\www\auxilio_transporte\vendor\cakephp\cakephp\src\Database\Dialect\MysqlDialectTrait.php(63): Cake\Database\Schema\BaseSchema->__construct(Object(Cake\Database\Driver\Mysql))
#4 C:\wamp\www\auxilio_transporte\vendor\cakephp\cakephp\src\Database\Schema\Collection.php(52): Cake\Database\Driver\Mysql->schemaDialect()
#5 C:\wamp\www\auxilio_transporte\vendor\cakephp\cakephp\src\Database\Schema\CachedCollection.php(43): Cake\Database\Schema\Collection->__construct(Object(Cake\Database\Connection))
#6 C:\wamp\www\auxilio_transporte\vendor\cakephp\cakephp\src\Database\Connection.php(317): Cake\Database\Schema\CachedCollection->__construct(Object(Cake\Database\Connection), true)
#7 C:\wamp\www\auxilio_transporte\vendor\cakephp\bake\src\Shell\Task\ModelTask.php(921): Cake\Database\Connection->schemaCollection()
#8 C:\wamp\www\auxilio_transporte\vendor\cakephp\bake\src\Shell\Task\ModelTask.php(876): Bake\Shell\Task\ModelTask->_getAllTables()
#9 C:\wamp\www\auxilio_transporte\vendor\cakephp\bake\src\Shell\Task\ModelTask.php(198): Bake\Shell\Task\ModelTask->listAll()
#10 C:\wamp\www\auxilio_transporte\vendor\cakephp\bake\src\Shell\Task\ModelTask.php(124): Bake\Shell\Task\ModelTask->getAssociations(Object(Cake\ORM\Table))
#11 C:\wamp\www\auxilio_transporte\vendor\cakephp\bake\src\Shell\Task\ModelTask.php(109): Bake\Shell\Task\ModelTask->getTableContext(Object(Cake\ORM\Table), 'bookmarks', 'Bookmarks')
#12 C:\wamp\www\auxilio_transporte\vendor\cakephp\bake\src\Shell\Task\ModelTask.php(96): Bake\Shell\Task\ModelTask->bake('Bookmarks')
#13 C:\wamp\www\auxilio_transporte\vendor\cakephp\bake\src\Shell\BakeShell.php(250): Bake\Shell\Task\ModelTask->main('Bookmarks')
#14 C:\wamp\www\auxilio_transporte\vendor\cakephp\cakephp\src\Collection\CollectionTrait.php(51): Bake\Shell\BakeShell->Bake\Shell\{closure}('bookmarks', 0)
#15 C:\wamp\www\auxilio_transporte\vendor\cakephp\bake\src\Shell\BakeShell.php(253): Cake\Collection\Collection->each(Object(Closure))
#16 [internal function]: Bake\Shell\BakeShell->all('bookmarks')
#17 C:\wamp\www\auxilio_transporte\vendor\cakephp\cakephp\src\Console\Shell.php(444): call_user_func_array(Array, Array)
#18 C:\wamp\www\auxilio_transporte\vendor\cakephp\cakephp\src\Console\ShellDispatcher.php(217): Cake\Console\Shell->runCommand(Array, true, Array)
#19 C:\wamp\www\auxilio_transporte\vendor\cakephp\cakephp\src\Console\ShellDispatcher.php(181): Cake\Console\ShellDispatcher->_dispatch(Array)
#20 C:\wamp\www\auxilio_transporte\vendor\cakephp\cakephp\src\Console\ShellDispatcher.php(127): Cake\Console\ShellDispatcher->dispatch(Array)
#21 C:\wamp\www\auxilio_transporte\bin\cake.php(33): Cake\Console\ShellDispatcher::run(Array)
#22 {main}


